Tue Apr 15 11:51:37 UTC 2025 - Bestanden succesvol ontvangen: /home/isala/ocr/IsalaOCR/DICOM_node_simulator/Receive/SC.1.3.6.1.4.1.49282.99.1.20250407111731.303881.1.1
Tue Apr 15 11:51:37 UTC 2025 - Het is je gelukt topper!
2025-04-15 11:51:37.495122 - Onverwachte fout bij uitvoeren van run.py:
[Errno 2] No such file or directory: '/home/isala/ocr/IsalaOCR/venv/bin/python3'
Tue Apr 15 11:55:03 UTC 2025 - Bestanden succesvol ontvangen: /home/isala/ocr/IsalaOCR/DICOM_node_simulator/Receive/SC.1.3.6.1.4.1.49282.99.1.20250407111731.303881.1.1
Tue Apr 15 11:55:03 UTC 2025 - Het is je gelukt topper!
2025-04-15 11:55:04.983709 - run.py uitgevoerd met output:
[2025-04-15 11:55:04] Start verwerking van DICOM-bestanden in /home/isala/ocr/IsalaOCR/DICOM_node_simulator/Receive
[2025-04-15 11:55:04] Verwerken van bestand: /home/isala/ocr/IsalaOCR/DICOM_node_simulator/Receive/SC.1.3.6.1.4.1.49282.99.1.20250407111731.303881.1.1
[2025-04-15 11:55:04] ✅ DICOM header succesvol als JSON opgeslagen: /home/isala/ocr/IsalaOCR/processing/dicom_dump/Suryapranata-Spiegelaere_de_G.M.____2004409527.json
[2025-04-15 11:55:04] Verwerking voltooid. Output opgeslagen in /home/isala/ocr/IsalaOCR/processing/dicom_dump
[2025-04-15 11:55:04] Script gestart.
[2025-04-15 11:55:04] Start dicomdumper...
[2025-04-15 11:55:04] Start verwerking van DICOM-bestanden in /home/isala/ocr/IsalaOCR/DICOM_node_simulator/Receive
[2025-04-15 11:55:04] Verwerken van bestand: /home/isala/ocr/IsalaOCR/DICOM_node_simulator/Receive/SC.1.3.6.1.4.1.49282.99.1.20250407111731.303881.1.1
[2025-04-15 11:55:04] ✅ DICOM header succesvol als JSON opgeslagen: /home/isala/ocr/IsalaOCR/processing/dicom_dump/Suryapranata-Spiegelaere_de_G.M.____2004409527.json
[2025-04-15 11:55:04] Verwerking voltooid. Output opgeslagen in /home/isala/ocr/IsalaOCR/processing/dicom_dump
[2025-04-15 11:55:04] dicomdumper gestopt.
[2025-04-15 11:55:04] Start dcm2jpg...
[2025-04-15 11:55:04] Start verwerking van DICOM-bestanden in /home/isala/ocr/IsalaOCR/DICOM_node_simulator/Receive
[2025-04-15 11:55:04] Verwerken van bestand: /home/isala/ocr/IsalaOCR/DICOM_node_simulator/Receive/SC.1.3.6.1.4.1.49282.99.1.20250407111731.303881.1.1
[2025-04-15 11:55:04] SOP Instance UID: 1.3.6.1.4.1.49282.99.1.20250407111731.303881.1.1
[2025-04-15 11:55:04] Slice 1 opgeslagen als /home/isala/ocr/IsalaOCR/processing/jpg_out/1.3.6.1.4.1.49282.99.1.20250407111731.303881.1.1_slice_1.jpg
[2025-04-15 11:55:04] Verwerking voltooid. Output opgeslagen in /home/isala/ocr/IsalaOCR/processing/jpg_out
[2025-04-15 11:55:04] dcm2jpg gestopt.
[2025-04-15 11:55:04] Script geëindigd.

