[Mon Apr 14 01:00:35 PM CEST 2025] Bestanden gedetecteerd in /home/isala/ocr/IsalaOCR/DICOM_node_simulator/Receive, start verwerking...
[Mon Apr 14 01:00:35 PM CEST 2025] Nieuw bestand gedetecteerd: /home/isala/ocr/IsalaOCR/DICOM_node_simulator/Receive/SC.1.3.6.1.4.1.49282.99.1.20250407111731.303881.1.1
[Mon Apr 14 01:00:35 PM CEST 2025] Bestandsgrootte: 3080158 bytes
[Mon Apr 14 01:00:35 PM CEST 2025] Bestandseigenaar: isala
[Mon Apr 14 01:00:35 PM CEST 2025] Bestandstype: /home/isala/ocr/IsalaOCR/DICOM_node_simulator/Receive/SC.1.3.6.1.4.1.49282.99.1.20250407111731.303881.1.1: DICOM medical imaging data
[Mon Apr 14 01:00:35 PM CEST 2025] Start verwerkingsscript: python3 /home/isala/ocr/IsalaOCR/DICOM_node_simulator/Core/processing_script.py /home/isala/ocr/IsalaOCR/DICOM_node_simulator/Receive/SC.1.3.6.1.4.1.49282.99.1.20250407111731.303881.1.1
[2025-04-14 13:00:36] Start verwerking van DICOM-bestanden in /home/isala/ocr/IsalaOCR/DICOM_node_simulator/Receive
[2025-04-14 13:00:36] Verwerken van bestand: /home/isala/ocr/IsalaOCR/DICOM_node_simulator/Receive/SC.1.3.6.1.4.1.49282.99.1.20250407111731.303881.1.1
[2025-04-14 13:00:36] ✅ DICOM header succesvol als JSON opgeslagen: /home/isala/ocr/IsalaOCR/processing/dicom_dump/Suryapranata-Spiegelaere_de_G.M.____2004409527.json
[2025-04-14 13:00:36] Verwerking voltooid. Output opgeslagen in /home/isala/ocr/IsalaOCR/processing/dicom_dump
[2025-04-14 13:00:36] Script gestart.
[2025-04-14 13:00:36] Start dicomdumper...
[2025-04-14 13:00:36] Start verwerking van DICOM-bestanden in /home/isala/ocr/IsalaOCR/DICOM_node_simulator/Receive/SC.1.3.6.1.4.1.49282.99.1.20250407111731.303881.1.1
[2025-04-14 13:00:36] Verwerking voltooid. Output opgeslagen in /home/isala/ocr/IsalaOCR/processing/dicom_dump
[2025-04-14 13:00:36] dicomdumper gestopt.
[2025-04-14 13:00:36] Start dcm2jpg...
[2025-04-14 13:00:36] Start verwerking van DICOM-bestanden in /home/isala/ocr/IsalaOCR/DICOM_node_simulator/Receive/SC.1.3.6.1.4.1.49282.99.1.20250407111731.303881.1.1
[2025-04-14 13:00:36] Verwerking voltooid. Output opgeslagen in /home/isala/ocr/IsalaOCR/processing/jpg_out
[2025-04-14 13:00:36] dcm2jpg gestopt.
[2025-04-14 13:00:36] Script geëindigd.
Bestand /home/isala/ocr/IsalaOCR/DICOM_node_simulator/Receive/SC.1.3.6.1.4.1.49282.99.1.20250407111731.303881.1.1 succesvol gelogd.
Start run.py voor bestand: /home/isala/ocr/IsalaOCR/DICOM_node_simulator/Receive/SC.1.3.6.1.4.1.49282.99.1.20250407111731.303881.1.1
run.py succesvol uitgevoerd voor bestand: /home/isala/ocr/IsalaOCR/DICOM_node_simulator/Receive/SC.1.3.6.1.4.1.49282.99.1.20250407111731.303881.1.1
[Mon Apr 14 01:00:36 PM CEST 2025] Verwerkingsscript succesvol uitgevoerd voor: /home/isala/ocr/IsalaOCR/DICOM_node_simulator/Receive/SC.1.3.6.1.4.1.49282.99.1.20250407111731.303881.1.1
